{"/home/vox/Dropbox/dev/portfolio-v2/src/components/home/Landing/index.js": {"path":"/home/vox/Dropbox/dev/portfolio-v2/src/components/home/Landing/index.js","statementMap":{"0":{"start":{"line":1,"column":0},"end":{"line":null,"column":-1}},"1":{"start":{"line":2,"column":0},"end":{"line":null,"column":-1}},"2":{"start":{"line":4,"column":0},"end":{"line":null,"column":-1}},"3":{"start":{"line":5,"column":0},"end":{"line":null,"column":-1}},"4":{"start":{"line":7,"column":16},"end":{"line":7,"column":0}},"5":{"start":{"line":7,"column":30},"end":{"line":7,"column":29}},"6":{"start":{"line":11,"column":6},"end":{"line":7,"column":30}},"7":{"start":{"line":13,"column":2},"end":{"line":null,"column":-1}},"8":{"start":{"line":31,"column":0},"end":{"line":null,"column":-1}},"9":{"start":{"line":40,"column":13},"end":{"line":40,"column":7}}},"fnMap":{"0":{"name":"Landing","decl":{"start":{"line":7,"column":6},"end":{"line":7,"column":16}},"loc":{"start":{"line":7,"column":30},"end":{"line":7,"column":0}}}},"branchMap":{},"s":{"0":0,"1":0,"2":0,"3":0,"4":0,"5":0,"6":0,"7":0,"8":0,"9":0},"f":{"0":0},"b":{}}
,"/home/vox/Dropbox/dev/portfolio-v2/src/components/home/Mission/index.js": {"path":"/home/vox/Dropbox/dev/portfolio-v2/src/components/home/Mission/index.js","statementMap":{"0":{"start":{"line":1,"column":0},"end":{"line":null,"column":-1}},"1":{"start":{"line":2,"column":0},"end":{"line":null,"column":-1}},"2":{"start":{"line":4,"column":0},"end":{"line":null,"column":-1}},"3":{"start":{"line":5,"column":0},"end":{"line":null,"column":-1}},"4":{"start":{"line":7,"column":16},"end":{"line":7,"column":0}},"5":{"start":{"line":7,"column":30},"end":{"line":7,"column":29}},"6":{"start":{"line":11,"column":6},"end":{"line":7,"column":30}},"7":{"start":{"line":13,"column":2},"end":{"line":null,"column":-1}},"8":{"start":{"line":23,"column":0},"end":{"line":null,"column":-1}},"9":{"start":{"line":32,"column":13},"end":{"line":32,"column":7}}},"fnMap":{"0":{"name":"Mission","decl":{"start":{"line":7,"column":6},"end":{"line":7,"column":16}},"loc":{"start":{"line":7,"column":30},"end":{"line":7,"column":0}}}},"branchMap":{},"s":{"0":0,"1":0,"2":0,"3":0,"4":0,"5":0,"6":0,"7":0,"8":0,"9":0},"f":{"0":0},"b":{}}
,"/home/vox/Dropbox/dev/portfolio-v2/src/components/home/Projects/index.js": {"path":"/home/vox/Dropbox/dev/portfolio-v2/src/components/home/Projects/index.js","statementMap":{"0":{"start":{"line":1,"column":0},"end":{"line":null,"column":-1}},"1":{"start":{"line":2,"column":0},"end":{"line":null,"column":-1}},"2":{"start":{"line":4,"column":0},"end":{"line":null,"column":-1}},"3":{"start":{"line":5,"column":0},"end":{"line":null,"column":-1}},"4":{"start":{"line":6,"column":0},"end":{"line":null,"column":-1}},"5":{"start":{"line":8,"column":17},"end":{"line":8,"column":0}},"6":{"start":{"line":8,"column":31},"end":{"line":8,"column":30}},"7":{"start":{"line":12,"column":6},"end":{"line":8,"column":31}},"8":{"start":{"line":14,"column":2},"end":{"line":null,"column":-1}},"9":{"start":{"line":24,"column":0},"end":{"line":null,"column":-1}},"10":{"start":{"line":32,"column":13},"end":{"line":32,"column":7}}},"fnMap":{"0":{"name":"Projects","decl":{"start":{"line":8,"column":6},"end":{"line":8,"column":17}},"loc":{"start":{"line":8,"column":31},"end":{"line":8,"column":0}}}},"branchMap":{},"s":{"0":0,"1":0,"2":0,"3":0,"4":0,"5":0,"6":0,"7":0,"8":0,"9":0,"10":0},"f":{"0":0},"b":{}}
,"/home/vox/Dropbox/dev/portfolio-v2/src/components/home/Projects/ProjectsCardList/ProjectsCardList.styled.js": {"path":"/home/vox/Dropbox/dev/portfolio-v2/src/components/home/Projects/ProjectsCardList/ProjectsCardList.styled.js","statementMap":{"0":{"start":{"line":1,"column":0},"end":{"line":null,"column":-1}},"1":{"start":{"line":3,"column":13},"end":{"line":3,"column":7}}},"fnMap":{},"branchMap":{},"s":{"0":0,"1":0},"f":{},"b":{}}
,"/home/vox/Dropbox/dev/portfolio-v2/src/components/home/Projects/ProjectsCardList/index.js": {"path":"/home/vox/Dropbox/dev/portfolio-v2/src/components/home/Projects/ProjectsCardList/index.js","statementMap":{"0":{"start":{"line":1,"column":0},"end":{"line":null,"column":-1}},"1":{"start":{"line":2,"column":0},"end":{"line":null,"column":-1}},"2":{"start":{"line":4,"column":0},"end":{"line":null,"column":-1}},"3":{"start":{"line":5,"column":0},"end":{"line":null,"column":-1}},"4":{"start":{"line":7,"column":25},"end":{"line":7,"column":0}},"5":{"start":{"line":7,"column":43},"end":{"line":7,"column":42}},"6":{"start":{"line":8,"column":25},"end":{"line":8,"column":2}},"7":{"start":{"line":8,"column":25},"end":{"line":null,"column":-1}},"8":{"start":{"line":9,"column":17},"end":{"line":null,"column":-1}},"9":{"start":{"line":19,"column":2},"end":{"line":null,"column":-1}},"10":{"start":{"line":28,"column":0},"end":{"line":null,"column":-1}},"11":{"start":{"line":36,"column":0},"end":{"line":null,"column":-1}},"12":{"start":{"line":44,"column":0},"end":{"line":null,"column":-1}}},"fnMap":{"0":{"name":"ProjectsCardList","decl":{"start":{"line":7,"column":6},"end":{"line":7,"column":25}},"loc":{"start":{"line":7,"column":43},"end":{"line":7,"column":0}}},"1":{"name":"renderProjects","decl":{"start":{"line":8,"column":8},"end":{"line":8,"column":25}},"loc":{"start":{"line":8,"column":25},"end":{"line":8,"column":2}}},"2":{"name":"(anonymous_3)","decl":{"start":{"line":9,"column":17},"end":{"line":null,"column":-1}},"loc":{"start":{"line":9,"column":17},"end":{"line":9,"column":4}}}},"branchMap":{},"s":{"0":0,"1":0,"2":0,"3":0,"4":0,"5":0,"6":0,"7":0,"8":0,"9":0,"10":0,"11":0,"12":0},"f":{"0":0,"1":0,"2":0},"b":{}}
,"/home/vox/Dropbox/dev/portfolio-v2/src/components/home/Projects/ProjectsCardList/ProjectCard/ProjectCard.styled.js": {"path":"/home/vox/Dropbox/dev/portfolio-v2/src/components/home/Projects/ProjectsCardList/ProjectCard/ProjectCard.styled.js","statementMap":{"0":{"start":{"line":1,"column":0},"end":{"line":null,"column":-1}},"1":{"start":{"line":3,"column":13},"end":{"line":3,"column":7}}},"fnMap":{},"branchMap":{},"s":{"0":0,"1":0},"f":{},"b":{}}
,"/home/vox/Dropbox/dev/portfolio-v2/src/components/home/Projects/ProjectsCardList/ProjectCard/index.js": {"path":"/home/vox/Dropbox/dev/portfolio-v2/src/components/home/Projects/ProjectsCardList/ProjectCard/index.js","statementMap":{"0":{"start":{"line":1,"column":0},"end":{"line":null,"column":-1}},"1":{"start":{"line":2,"column":0},"end":{"line":null,"column":-1}},"2":{"start":{"line":4,"column":0},"end":{"line":null,"column":-1}},"3":{"start":{"line":6,"column":20},"end":{"line":6,"column":0}},"4":{"start":{"line":6,"column":20},"end":{"line":6,"column":19}},"5":{"start":{"line":6,"column":20},"end":{"line":null,"column":-1}},"6":{"start":{"line":24,"column":0},"end":{"line":null,"column":-1}},"7":{"start":{"line":30,"column":0},"end":{"line":null,"column":-1}}},"fnMap":{"0":{"name":"ProjectCard","decl":{"start":{"line":6,"column":6},"end":{"line":6,"column":20}},"loc":{"start":{"line":6,"column":20},"end":{"line":6,"column":0}}}},"branchMap":{},"s":{"0":0,"1":0,"2":0,"3":0,"4":0,"5":0,"6":0,"7":0},"f":{"0":0},"b":{}}
,"/home/vox/Dropbox/dev/portfolio-v2/src/components/home/Skills/index.js": {"path":"/home/vox/Dropbox/dev/portfolio-v2/src/components/home/Skills/index.js","statementMap":{"0":{"start":{"line":1,"column":0},"end":{"line":null,"column":-1}},"1":{"start":{"line":2,"column":0},"end":{"line":null,"column":-1}},"2":{"start":{"line":4,"column":0},"end":{"line":null,"column":-1}},"3":{"start":{"line":5,"column":0},"end":{"line":null,"column":-1}},"4":{"start":{"line":7,"column":21},"end":{"line":7,"column":0}},"5":{"start":{"line":7,"column":21},"end":{"line":null,"column":-1}},"6":{"start":{"line":8,"column":13},"end":{"line":null,"column":-1}},"7":{"start":{"line":16,"column":15},"end":{"line":16,"column":0}},"8":{"start":{"line":16,"column":29},"end":{"line":16,"column":28}},"9":{"start":{"line":21,"column":6},"end":{"line":16,"column":29}},"10":{"start":{"line":23,"column":2},"end":{"line":null,"column":-1}},"11":{"start":{"line":34,"column":0},"end":{"line":null,"column":-1}},"12":{"start":{"line":44,"column":13},"end":{"line":44,"column":7}}},"fnMap":{"0":{"name":"renderSkills","decl":{"start":{"line":7,"column":6},"end":{"line":7,"column":21}},"loc":{"start":{"line":7,"column":21},"end":{"line":7,"column":0}}},"1":{"name":"(anonymous_3)","decl":{"start":{"line":8,"column":13},"end":{"line":null,"column":-1}},"loc":{"start":{"line":8,"column":13},"end":{"line":8,"column":2}}},"2":{"name":"Skills","decl":{"start":{"line":16,"column":6},"end":{"line":16,"column":15}},"loc":{"start":{"line":16,"column":29},"end":{"line":16,"column":0}}}},"branchMap":{},"s":{"0":0,"1":0,"2":0,"3":0,"4":0,"5":0,"6":0,"7":0,"8":0,"9":0,"10":0,"11":0,"12":0},"f":{"0":0,"1":0,"2":0},"b":{}}
,"/home/vox/Dropbox/dev/portfolio-v2/src/components/ui/Contact/index.js": {"path":"/home/vox/Dropbox/dev/portfolio-v2/src/components/ui/Contact/index.js","statementMap":{"0":{"start":{"line":1,"column":0},"end":{"line":null,"column":-1}},"1":{"start":{"line":2,"column":0},"end":{"line":null,"column":-1}},"2":{"start":{"line":4,"column":0},"end":{"line":null,"column":-1}},"3":{"start":{"line":5,"column":0},"end":{"line":null,"column":-1}},"4":{"start":{"line":7,"column":16},"end":{"line":7,"column":0}},"5":{"start":{"line":7,"column":30},"end":{"line":7,"column":29}},"6":{"start":{"line":11,"column":6},"end":{"line":7,"column":30}},"7":{"start":{"line":13,"column":2},"end":{"line":null,"column":-1}},"8":{"start":{"line":23,"column":0},"end":{"line":null,"column":-1}},"9":{"start":{"line":32,"column":13},"end":{"line":32,"column":7}}},"fnMap":{"0":{"name":"Contact","decl":{"start":{"line":7,"column":6},"end":{"line":7,"column":16}},"loc":{"start":{"line":7,"column":30},"end":{"line":7,"column":0}}}},"branchMap":{},"s":{"0":0,"1":0,"2":0,"3":0,"4":0,"5":0,"6":0,"7":0,"8":0,"9":0},"f":{"0":0},"b":{}}
,"/home/vox/Dropbox/dev/portfolio-v2/src/components/ui/Footer/index.js": {"path":"/home/vox/Dropbox/dev/portfolio-v2/src/components/ui/Footer/index.js","statementMap":{"0":{"start":{"line":1,"column":0},"end":{"line":null,"column":-1}},"1":{"start":{"line":2,"column":0},"end":{"line":null,"column":-1}},"2":{"start":{"line":4,"column":15},"end":{"line":4,"column":0}},"3":{"start":{"line":4,"column":15},"end":{"line":null,"column":-1}}},"fnMap":{"0":{"name":"Footer","decl":{"start":{"line":4,"column":6},"end":{"line":4,"column":15}},"loc":{"start":{"line":4,"column":15},"end":{"line":4,"column":0}}}},"branchMap":{},"s":{"0":0,"1":0,"2":0,"3":0},"f":{"0":0},"b":{}}
,"/home/vox/Dropbox/dev/portfolio-v2/src/components/ui/Header/Header.styled.js": {"path":"/home/vox/Dropbox/dev/portfolio-v2/src/components/ui/Header/Header.styled.js","statementMap":{"0":{"start":{"line":1,"column":0},"end":{"line":null,"column":-1}},"1":{"start":{"line":3,"column":13},"end":{"line":3,"column":7}}},"fnMap":{},"branchMap":{},"s":{"0":0,"1":0},"f":{},"b":{}}
,"/home/vox/Dropbox/dev/portfolio-v2/src/components/ui/Header/index.js": {"path":"/home/vox/Dropbox/dev/portfolio-v2/src/components/ui/Header/index.js","statementMap":{"0":{"start":{"line":1,"column":0},"end":{"line":null,"column":-1}},"1":{"start":{"line":3,"column":0},"end":{"line":null,"column":-1}},"2":{"start":{"line":4,"column":0},"end":{"line":null,"column":-1}},"3":{"start":{"line":6,"column":15},"end":{"line":6,"column":0}},"4":{"start":{"line":6,"column":15},"end":{"line":null,"column":-1}}},"fnMap":{"0":{"name":"Header","decl":{"start":{"line":6,"column":6},"end":{"line":6,"column":15}},"loc":{"start":{"line":6,"column":15},"end":{"line":6,"column":0}}}},"branchMap":{},"s":{"0":0,"1":0,"2":0,"3":0,"4":0},"f":{"0":0},"b":{}}
,"/home/vox/Dropbox/dev/portfolio-v2/src/components/ui/Header/Logo/Logo.styled.js": {"path":"/home/vox/Dropbox/dev/portfolio-v2/src/components/ui/Header/Logo/Logo.styled.js","statementMap":{"0":{"start":{"line":3,"column":27},"end":{"line":14,"column":1}},"1":{"start":{"line":16,"column":24},"end":{"line":18,"column":1}}},"fnMap":{},"branchMap":{},"s":{"0":1,"1":1},"f":{},"b":{},"_coverageSchema":"332fd63041d2c1bcb487cc26dd0d5f7d97098a6c","hash":"398e79427133ab64eb00f387c9b47060f359499a"}
,"/home/vox/Dropbox/dev/portfolio-v2/src/components/ui/Header/Logo/index.js": {"path":"/home/vox/Dropbox/dev/portfolio-v2/src/components/ui/Header/Logo/index.js","statementMap":{"0":{"start":{"line":5,"column":13},"end":{"line":9,"column":1}},"1":{"start":{"line":6,"column":2},"end":{"line":8,"column":16}}},"fnMap":{"0":{"name":"(anonymous_0)","decl":{"start":{"line":5,"column":13},"end":{"line":5,"column":14}},"loc":{"start":{"line":6,"column":2},"end":{"line":8,"column":16}},"line":6}},"branchMap":{},"s":{"0":1,"1":1},"f":{"0":1},"b":{},"_coverageSchema":"332fd63041d2c1bcb487cc26dd0d5f7d97098a6c","hash":"b5a9ff5a4d607092d6166cbb4fc767d5339aba73"}
,"/home/vox/Dropbox/dev/portfolio-v2/src/components/ui/Header/Nav/Nav.styled.js": {"path":"/home/vox/Dropbox/dev/portfolio-v2/src/components/ui/Header/Nav/Nav.styled.js","statementMap":{"0":{"start":{"line":1,"column":0},"end":{"line":null,"column":-1}},"1":{"start":{"line":3,"column":13},"end":{"line":3,"column":7}},"2":{"start":{"line":13,"column":16},"end":{"line":null,"column":-1}},"3":{"start":{"line":14,"column":13},"end":{"line":null,"column":-1}},"4":{"start":{"line":18,"column":13},"end":{"line":18,"column":7}}},"fnMap":{"0":{"name":"(anonymous_2)","decl":{"start":{"line":13,"column":16},"end":{"line":null,"column":-1}},"loc":{"start":{"line":13,"column":16},"end":{"line":3,"column":13}}},"1":{"name":"(anonymous_3)","decl":{"start":{"line":14,"column":13},"end":{"line":null,"column":-1}},"loc":{"start":{"line":14,"column":13},"end":{"line":3,"column":13}}}},"branchMap":{"0":{"loc":{"start":{"line":13,"column":42},"end":{"line":13,"column":26}},"type":"cond-expr","locations":[{"start":{"line":13,"column":42},"end":{"line":13,"column":26}},{"start":{"line":13,"column":54},"end":{"line":13,"column":16}}]},"1":{"loc":{"start":{"line":14,"column":39},"end":{"line":14,"column":23}},"type":"cond-expr","locations":[{"start":{"line":14,"column":39},"end":{"line":14,"column":23}},{"start":{"line":14,"column":43},"end":{"line":14,"column":13}}]}},"s":{"0":0,"1":0,"2":0,"3":0,"4":0},"f":{"0":0,"1":0},"b":{"0":[0,0],"1":[0,0]}}
,"/home/vox/Dropbox/dev/portfolio-v2/src/components/ui/Header/Nav/index.js": {"path":"/home/vox/Dropbox/dev/portfolio-v2/src/components/ui/Header/Nav/index.js","statementMap":{"0":{"start":{"line":1,"column":0},"end":{"line":null,"column":-1}},"1":{"start":{"line":3,"column":0},"end":{"line":null,"column":-1}},"2":{"start":{"line":4,"column":0},"end":{"line":null,"column":-1}},"3":{"start":{"line":5,"column":0},"end":{"line":null,"column":-1}},"4":{"start":{"line":8,"column":21},"end":{"line":null,"column":-1}},"5":{"start":{"line":11,"column":4},"end":{"line":null,"column":-1}},"6":{"start":{"line":12,"column":4},"end":{"line":null,"column":-1}},"7":{"start":{"line":13,"column":4},"end":{"line":null,"column":-1}},"8":{"start":{"line":17,"column":4},"end":{"line":19,"column":5}},"9":{"start":{"line":18,"column":6},"end":{"line":null,"column":-1}},"10":{"start":{"line":23,"column":4},"end":{"line":null,"column":-1}},"11":{"start":{"line":27,"column":26},"end":{"line":26,"column":11}},"12":{"start":{"line":29,"column":4},"end":{"line":null,"column":-1}}},"fnMap":{"0":{"name":"Nav","decl":{"start":{"line":8,"column":2},"end":{"line":8,"column":13}},"loc":{"start":{"line":8,"column":21},"end":{"line":14,"column":3}}}},"branchMap":{"0":{"loc":{"start":{"line":8,"column":21},"end":{"line":9,"column":9}},"type":"binary-expr","locations":[{"start":{"line":8,"column":21},"end":{"line":9,"column":9}},{"start":{"line":8,"column":21},"end":{"line":9,"column":9}}]},"1":{"loc":{"start":{"line":17,"column":4},"end":{"line":19,"column":5}},"type":"if","locations":[{"start":{"line":17,"column":4},"end":{"line":19,"column":5}},{"start":{"line":17,"column":4},"end":{"line":19,"column":5}}]}},"s":{"0":0,"1":0,"2":0,"3":0,"4":0,"5":0,"6":0,"7":0,"8":0,"9":0,"10":0,"11":0,"12":0},"f":{"0":0},"b":{"0":[0,0],"1":[0,0]}}
,"/home/vox/Dropbox/dev/portfolio-v2/src/components/ui/Header/Nav/NavMenu/NavMenu.styled.js": {"path":"/home/vox/Dropbox/dev/portfolio-v2/src/components/ui/Header/Nav/NavMenu/NavMenu.styled.js","statementMap":{"0":{"start":{"line":4,"column":27},"end":{"line":6,"column":1}},"1":{"start":{"line":8,"column":23},"end":{"line":13,"column":1}}},"fnMap":{},"branchMap":{},"s":{"0":1,"1":1},"f":{},"b":{},"_coverageSchema":"332fd63041d2c1bcb487cc26dd0d5f7d97098a6c","hash":"4e79b79623de74e3d66cd5d89e6adab69254fb2f"}
,"/home/vox/Dropbox/dev/portfolio-v2/src/components/ui/Header/Nav/NavMenu/index.js": {"path":"/home/vox/Dropbox/dev/portfolio-v2/src/components/ui/Header/Nav/NavMenu/index.js","statementMap":{"0":{"start":{"line":5,"column":16},"end":{"line":12,"column":1}},"1":{"start":{"line":6,"column":2},"end":{"line":11,"column":16}}},"fnMap":{"0":{"name":"(anonymous_0)","decl":{"start":{"line":5,"column":16},"end":{"line":5,"column":17}},"loc":{"start":{"line":6,"column":2},"end":{"line":11,"column":16}},"line":6}},"branchMap":{},"s":{"0":1,"1":1},"f":{"0":1},"b":{},"_coverageSchema":"332fd63041d2c1bcb487cc26dd0d5f7d97098a6c","hash":"c88bf82565c0573e2bbfd026c8faee26af7c7d79"}
,"/home/vox/Dropbox/dev/portfolio-v2/src/components/ui/Markdown/index.js": {"path":"/home/vox/Dropbox/dev/portfolio-v2/src/components/ui/Markdown/index.js","statementMap":{"0":{"start":{"line":1,"column":0},"end":{"line":null,"column":-1}},"1":{"start":{"line":2,"column":0},"end":{"line":null,"column":-1}},"2":{"start":{"line":4,"column":17},"end":{"line":4,"column":0}},"3":{"start":{"line":4,"column":17},"end":{"line":4,"column":16}},"4":{"start":{"line":4,"column":17},"end":{"line":null,"column":-1}},"5":{"start":{"line":8,"column":0},"end":{"line":null,"column":-1}}},"fnMap":{"0":{"name":"Markdown","decl":{"start":{"line":4,"column":6},"end":{"line":4,"column":17}},"loc":{"start":{"line":4,"column":17},"end":{"line":4,"column":0}}}},"branchMap":{},"s":{"0":0,"1":0,"2":0,"3":0,"4":0,"5":0},"f":{"0":0},"b":{}}
,"/home/vox/Dropbox/dev/portfolio-v2/src/components/ui/Section/Section.styled.js": {"path":"/home/vox/Dropbox/dev/portfolio-v2/src/components/ui/Section/Section.styled.js","statementMap":{"0":{"start":{"line":1,"column":0},"end":{"line":null,"column":-1}},"1":{"start":{"line":3,"column":13},"end":{"line":3,"column":7}},"2":{"start":{"line":7,"column":4},"end":{"line":null,"column":-1}},"3":{"start":{"line":14,"column":22},"end":{"line":null,"column":-1}},"4":{"start":{"line":15,"column":11},"end":{"line":null,"column":-1}},"5":{"start":{"line":18,"column":13},"end":{"line":18,"column":7}}},"fnMap":{"0":{"name":"(anonymous_2)","decl":{"start":{"line":7,"column":4},"end":{"line":null,"column":-1}},"loc":{"start":{"line":7,"column":4},"end":{"line":3,"column":13}}},"1":{"name":"(anonymous_3)","decl":{"start":{"line":14,"column":22},"end":{"line":null,"column":-1}},"loc":{"start":{"line":14,"column":22},"end":{"line":3,"column":13}}},"2":{"name":"(anonymous_4)","decl":{"start":{"line":15,"column":11},"end":{"line":null,"column":-1}},"loc":{"start":{"line":15,"column":11},"end":{"line":3,"column":13}}}},"branchMap":{"0":{"loc":{"start":{"line":8,"column":4},"end":{"line":8,"column":3}},"type":"binary-expr","locations":[{"start":{"line":8,"column":4},"end":{"line":8,"column":3}},{"start":{"line":8,"column":4},"end":{"line":7,"column":4}}]},"1":{"loc":{"start":{"line":14,"column":32},"end":{"line":14,"column":31}},"type":"binary-expr","locations":[{"start":{"line":14,"column":32},"end":{"line":14,"column":31}},{"start":{"line":14,"column":46},"end":{"line":14,"column":31}},{"start":{"line":14,"column":59},"end":{"line":14,"column":58}},{"start":{"line":14,"column":74},"end":{"line":14,"column":22}}]}},"s":{"0":0,"1":0,"2":0,"3":0,"4":0,"5":0},"f":{"0":0,"1":0,"2":0},"b":{"0":[0,0],"1":[0,0,0,0]}}
,"/home/vox/Dropbox/dev/portfolio-v2/src/components/ui/Section/index.js": {"path":"/home/vox/Dropbox/dev/portfolio-v2/src/components/ui/Section/index.js","statementMap":{"0":{"start":{"line":1,"column":0},"end":{"line":null,"column":-1}},"1":{"start":{"line":2,"column":0},"end":{"line":null,"column":-1}},"2":{"start":{"line":4,"column":0},"end":{"line":null,"column":-1}},"3":{"start":{"line":6,"column":16},"end":{"line":6,"column":0}},"4":{"start":{"line":6,"column":16},"end":{"line":6,"column":15}},"5":{"start":{"line":6,"column":16},"end":{"line":null,"column":-1}},"6":{"start":{"line":16,"column":0},"end":{"line":null,"column":-1}},"7":{"start":{"line":23,"column":0},"end":{"line":null,"column":-1}}},"fnMap":{"0":{"name":"Section","decl":{"start":{"line":6,"column":6},"end":{"line":6,"column":16}},"loc":{"start":{"line":6,"column":16},"end":{"line":6,"column":0}}}},"branchMap":{},"s":{"0":0,"1":0,"2":0,"3":0,"4":0,"5":0,"6":0,"7":0},"f":{"0":0},"b":{}}
,"/home/vox/Dropbox/dev/portfolio-v2/src/layouts/index.js": {"path":"/home/vox/Dropbox/dev/portfolio-v2/src/layouts/index.js","statementMap":{"0":{"start":{"line":1,"column":0},"end":{"line":null,"column":-1}},"1":{"start":{"line":2,"column":0},"end":{"line":null,"column":-1}},"2":{"start":{"line":3,"column":0},"end":{"line":null,"column":-1}},"3":{"start":{"line":5,"column":0},"end":{"line":null,"column":-1}},"4":{"start":{"line":6,"column":0},"end":{"line":null,"column":-1}},"5":{"start":{"line":7,"column":0},"end":{"line":null,"column":-1}},"6":{"start":{"line":9,"column":0},"end":{"line":null,"column":-1}},"7":{"start":{"line":11,"column":24},"end":{"line":11,"column":0}},"8":{"start":{"line":11,"column":24},"end":{"line":11,"column":23}},"9":{"start":{"line":11,"column":24},"end":{"line":null,"column":-1}},"10":{"start":{"line":29,"column":0},"end":{"line":null,"column":-1}},"11":{"start":{"line":36,"column":13},"end":{"line":36,"column":7}}},"fnMap":{"0":{"name":"TemplateWrapper","decl":{"start":{"line":11,"column":6},"end":{"line":11,"column":24}},"loc":{"start":{"line":11,"column":24},"end":{"line":11,"column":0}}}},"branchMap":{},"s":{"0":0,"1":0,"2":0,"3":0,"4":0,"5":0,"6":0,"7":0,"8":0,"9":0,"10":0,"11":0},"f":{"0":0},"b":{}}
,"/home/vox/Dropbox/dev/portfolio-v2/src/pages/404.js": {"path":"/home/vox/Dropbox/dev/portfolio-v2/src/pages/404.js","statementMap":{"0":{"start":{"line":1,"column":0},"end":{"line":null,"column":-1}},"1":{"start":{"line":3,"column":21},"end":{"line":3,"column":0}},"2":{"start":{"line":3,"column":21},"end":{"line":null,"column":-1}}},"fnMap":{"0":{"name":"NotFoundPage","decl":{"start":{"line":3,"column":6},"end":{"line":3,"column":21}},"loc":{"start":{"line":3,"column":21},"end":{"line":3,"column":0}}}},"branchMap":{},"s":{"0":0,"1":0,"2":0},"f":{"0":0},"b":{}}
,"/home/vox/Dropbox/dev/portfolio-v2/src/pages/index.js": {"path":"/home/vox/Dropbox/dev/portfolio-v2/src/pages/index.js","statementMap":{"0":{"start":{"line":1,"column":0},"end":{"line":null,"column":-1}},"1":{"start":{"line":2,"column":0},"end":{"line":null,"column":-1}},"2":{"start":{"line":4,"column":0},"end":{"line":null,"column":-1}},"3":{"start":{"line":5,"column":0},"end":{"line":null,"column":-1}},"4":{"start":{"line":6,"column":0},"end":{"line":null,"column":-1}},"5":{"start":{"line":7,"column":0},"end":{"line":null,"column":-1}},"6":{"start":{"line":9,"column":18},"end":{"line":9,"column":0}},"7":{"start":{"line":9,"column":32},"end":{"line":9,"column":31}},"8":{"start":{"line":10,"column":2},"end":{"line":null,"column":-1}},"9":{"start":{"line":17,"column":6},"end":{"line":9,"column":32}},"10":{"start":{"line":19,"column":2},"end":{"line":null,"column":-1}},"11":{"start":{"line":29,"column":0},"end":{"line":null,"column":-1}},"12":{"start":{"line":39,"column":13},"end":{"line":39,"column":7}}},"fnMap":{"0":{"name":"IndexPage","decl":{"start":{"line":9,"column":6},"end":{"line":9,"column":18}},"loc":{"start":{"line":9,"column":32},"end":{"line":9,"column":0}}}},"branchMap":{},"s":{"0":0,"1":0,"2":0,"3":0,"4":0,"5":0,"6":0,"7":0,"8":0,"9":0,"10":0,"11":0,"12":0},"f":{"0":0},"b":{}}
,"/home/vox/Dropbox/dev/portfolio-v2/src/pages/page-2.js": {"path":"/home/vox/Dropbox/dev/portfolio-v2/src/pages/page-2.js","statementMap":{"0":{"start":{"line":1,"column":0},"end":{"line":null,"column":-1}},"1":{"start":{"line":2,"column":0},"end":{"line":null,"column":-1}},"2":{"start":{"line":4,"column":19},"end":{"line":4,"column":0}},"3":{"start":{"line":4,"column":19},"end":{"line":null,"column":-1}}},"fnMap":{"0":{"name":"SecondPage","decl":{"start":{"line":4,"column":6},"end":{"line":4,"column":19}},"loc":{"start":{"line":4,"column":19},"end":{"line":4,"column":0}}}},"branchMap":{},"s":{"0":0,"1":0,"2":0,"3":0},"f":{"0":0},"b":{}}
,"/home/vox/Dropbox/dev/portfolio-v2/src/test/jest-config.js": {"path":"/home/vox/Dropbox/dev/portfolio-v2/src/test/jest-config.js","statementMap":{"0":{"start":{"line":5,"column":0},"end":{"line":5,"column":45}},"1":{"start":{"line":7,"column":0},"end":{"line":7,"column":25}},"2":{"start":{"line":8,"column":0},"end":{"line":8,"column":23}},"3":{"start":{"line":9,"column":0},"end":{"line":9,"column":21}},"4":{"start":{"line":10,"column":0},"end":{"line":10,"column":37}}},"fnMap":{},"branchMap":{},"s":{"0":2,"1":2,"2":2,"3":2,"4":2},"f":{},"b":{},"_coverageSchema":"332fd63041d2c1bcb487cc26dd0d5f7d97098a6c","hash":"624d2a7865fe24e534f2386cc65591e6e1089d60"}
,"/home/vox/Dropbox/dev/portfolio-v2/src/utils/typography.js": {"path":"/home/vox/Dropbox/dev/portfolio-v2/src/utils/typography.js","statementMap":{"0":{"start":{"line":1,"column":0},"end":{"line":null,"column":-1}},"1":{"start":{"line":3,"column":19},"end":{"line":3,"column":0}}},"fnMap":{},"branchMap":{},"s":{"0":0,"1":0},"f":{},"b":{}}
}
