TN:
SF:/home/vox/Dropbox/dev/portfolio-v2/src/components/home/Landing/index.js
FN:7,Landing
FNF:1
FNH:0
FNDA:0,Landing
DA:1,0
DA:2,0
DA:4,0
DA:5,0
DA:7,0
DA:11,0
DA:13,0
DA:31,0
DA:40,0
LF:9
LH:0
BRF:0
BRH:0
end_of_record
TN:
SF:/home/vox/Dropbox/dev/portfolio-v2/src/components/home/Mission/index.js
FN:7,Mission
FNF:1
FNH:0
FNDA:0,Mission
DA:1,0
DA:2,0
DA:4,0
DA:5,0
DA:7,0
DA:11,0
DA:13,0
DA:23,0
DA:32,0
LF:9
LH:0
BRF:0
BRH:0
end_of_record
TN:
SF:/home/vox/Dropbox/dev/portfolio-v2/src/components/home/Projects/index.js
FN:8,Projects
FNF:1
FNH:0
FNDA:0,Projects
DA:1,0
DA:2,0
DA:4,0
DA:5,0
DA:6,0
DA:8,0
DA:12,0
DA:14,0
DA:24,0
DA:32,0
LF:10
LH:0
BRF:0
BRH:0
end_of_record
TN:
SF:/home/vox/Dropbox/dev/portfolio-v2/src/components/home/Projects/ProjectsCardList/ProjectsCardList.styled.js
FNF:0
FNH:0
DA:1,0
DA:3,0
LF:2
LH:0
BRF:0
BRH:0
end_of_record
TN:
SF:/home/vox/Dropbox/dev/portfolio-v2/src/components/home/Projects/ProjectsCardList/index.js
FN:7,ProjectsCardList
FN:8,renderProjects
FN:9,(anonymous_3)
FNF:3
FNH:0
FNDA:0,ProjectsCardList
FNDA:0,renderProjects
FNDA:0,(anonymous_3)
DA:1,0
DA:2,0
DA:4,0
DA:5,0
DA:7,0
DA:8,0
DA:9,0
DA:19,0
DA:28,0
DA:36,0
DA:44,0
LF:11
LH:0
BRF:0
BRH:0
end_of_record
TN:
SF:/home/vox/Dropbox/dev/portfolio-v2/src/components/home/Projects/ProjectsCardList/ProjectCard/ProjectCard.styled.js
FNF:0
FNH:0
DA:1,0
DA:3,0
LF:2
LH:0
BRF:0
BRH:0
end_of_record
TN:
SF:/home/vox/Dropbox/dev/portfolio-v2/src/components/home/Projects/ProjectsCardList/ProjectCard/index.js
FN:6,ProjectCard
FNF:1
FNH:0
FNDA:0,ProjectCard
DA:1,0
DA:2,0
DA:4,0
DA:6,0
DA:24,0
DA:30,0
LF:6
LH:0
BRF:0
BRH:0
end_of_record
TN:
SF:/home/vox/Dropbox/dev/portfolio-v2/src/components/home/Skills/index.js
FN:7,renderSkills
FN:8,(anonymous_3)
FN:16,Skills
FNF:3
FNH:0
FNDA:0,renderSkills
FNDA:0,(anonymous_3)
FNDA:0,Skills
DA:1,0
DA:2,0
DA:4,0
DA:5,0
DA:7,0
DA:8,0
DA:16,0
DA:21,0
DA:23,0
DA:34,0
DA:44,0
LF:11
LH:0
BRF:0
BRH:0
end_of_record
TN:
SF:/home/vox/Dropbox/dev/portfolio-v2/src/components/ui/Contact/index.js
FN:7,Contact
FNF:1
FNH:0
FNDA:0,Contact
DA:1,0
DA:2,0
DA:4,0
DA:5,0
DA:7,0
DA:11,0
DA:13,0
DA:23,0
DA:32,0
LF:9
LH:0
BRF:0
BRH:0
end_of_record
TN:
SF:/home/vox/Dropbox/dev/portfolio-v2/src/components/ui/Footer/index.js
FN:4,Footer
FNF:1
FNH:0
FNDA:0,Footer
DA:1,0
DA:2,0
DA:4,0
LF:3
LH:0
BRF:0
BRH:0
end_of_record
TN:
SF:/home/vox/Dropbox/dev/portfolio-v2/src/components/ui/Header/Header.styled.js
FNF:0
FNH:0
DA:1,0
DA:3,0
LF:2
LH:0
BRF:0
BRH:0
end_of_record
TN:
SF:/home/vox/Dropbox/dev/portfolio-v2/src/components/ui/Header/index.js
FN:6,Header
FNF:1
FNH:0
FNDA:0,Header
DA:1,0
DA:3,0
DA:4,0
DA:6,0
LF:4
LH:0
BRF:0
BRH:0
end_of_record
TN:
SF:/home/vox/Dropbox/dev/portfolio-v2/src/components/ui/Header/Logo/Logo.styled.js
FNF:0
FNH:0
DA:3,1
DA:16,1
LF:2
LH:2
BRF:0
BRH:0
end_of_record
TN:
SF:/home/vox/Dropbox/dev/portfolio-v2/src/components/ui/Header/Logo/index.js
FN:5,(anonymous_0)
FNF:1
FNH:1
FNDA:1,(anonymous_0)
DA:5,1
DA:6,1
LF:2
LH:2
BRF:0
BRH:0
end_of_record
TN:
SF:/home/vox/Dropbox/dev/portfolio-v2/src/components/ui/Header/Nav/Nav.styled.js
FN:13,(anonymous_2)
FN:14,(anonymous_3)
FNF:2
FNH:0
FNDA:0,(anonymous_2)
FNDA:0,(anonymous_3)
DA:1,0
DA:3,0
DA:13,0
DA:14,0
DA:18,0
LF:5
LH:0
BRDA:13,0,0,0
BRDA:13,0,1,0
BRDA:14,1,0,0
BRDA:14,1,1,0
BRF:4
BRH:0
end_of_record
TN:
SF:/home/vox/Dropbox/dev/portfolio-v2/src/components/ui/Header/Nav/index.js
FN:8,Nav
FNF:1
FNH:0
FNDA:0,Nav
DA:1,0
DA:3,0
DA:4,0
DA:5,0
DA:8,0
DA:11,0
DA:12,0
DA:13,0
DA:17,0
DA:18,0
DA:23,0
DA:27,0
DA:29,0
LF:13
LH:0
BRDA:8,0,0,0
BRDA:8,0,1,0
BRDA:17,1,0,0
BRDA:17,1,1,0
BRF:4
BRH:0
end_of_record
TN:
SF:/home/vox/Dropbox/dev/portfolio-v2/src/components/ui/Header/Nav/NavMenu/NavMenu.styled.js
FNF:0
FNH:0
DA:4,1
DA:8,1
LF:2
LH:2
BRF:0
BRH:0
end_of_record
TN:
SF:/home/vox/Dropbox/dev/portfolio-v2/src/components/ui/Header/Nav/NavMenu/index.js
FN:5,(anonymous_0)
FNF:1
FNH:1
FNDA:1,(anonymous_0)
DA:5,1
DA:6,1
LF:2
LH:2
BRF:0
BRH:0
end_of_record
TN:
SF:/home/vox/Dropbox/dev/portfolio-v2/src/components/ui/Markdown/index.js
FN:4,Markdown
FNF:1
FNH:0
FNDA:0,Markdown
DA:1,0
DA:2,0
DA:4,0
DA:8,0
LF:4
LH:0
BRF:0
BRH:0
end_of_record
TN:
SF:/home/vox/Dropbox/dev/portfolio-v2/src/components/ui/Section/Section.styled.js
FN:7,(anonymous_2)
FN:14,(anonymous_3)
FN:15,(anonymous_4)
FNF:3
FNH:0
FNDA:0,(anonymous_2)
FNDA:0,(anonymous_3)
FNDA:0,(anonymous_4)
DA:1,0
DA:3,0
DA:7,0
DA:14,0
DA:15,0
DA:18,0
LF:6
LH:0
BRDA:8,0,0,0
BRDA:8,0,1,0
BRDA:14,1,0,0
BRDA:14,1,1,0
BRDA:14,1,2,0
BRDA:14,1,3,0
BRF:6
BRH:0
end_of_record
TN:
SF:/home/vox/Dropbox/dev/portfolio-v2/src/components/ui/Section/index.js
FN:6,Section
FNF:1
FNH:0
FNDA:0,Section
DA:1,0
DA:2,0
DA:4,0
DA:6,0
DA:16,0
DA:23,0
LF:6
LH:0
BRF:0
BRH:0
end_of_record
TN:
SF:/home/vox/Dropbox/dev/portfolio-v2/src/layouts/index.js
FN:11,TemplateWrapper
FNF:1
FNH:0
FNDA:0,TemplateWrapper
DA:1,0
DA:2,0
DA:3,0
DA:5,0
DA:6,0
DA:7,0
DA:9,0
DA:11,0
DA:29,0
DA:36,0
LF:10
LH:0
BRF:0
BRH:0
end_of_record
TN:
SF:/home/vox/Dropbox/dev/portfolio-v2/src/pages/404.js
FN:3,NotFoundPage
FNF:1
FNH:0
FNDA:0,NotFoundPage
DA:1,0
DA:3,0
LF:2
LH:0
BRF:0
BRH:0
end_of_record
TN:
SF:/home/vox/Dropbox/dev/portfolio-v2/src/pages/index.js
FN:9,IndexPage
FNF:1
FNH:0
FNDA:0,IndexPage
DA:1,0
DA:2,0
DA:4,0
DA:5,0
DA:6,0
DA:7,0
DA:9,0
DA:10,0
DA:17,0
DA:19,0
DA:29,0
DA:39,0
LF:12
LH:0
BRF:0
BRH:0
end_of_record
TN:
SF:/home/vox/Dropbox/dev/portfolio-v2/src/pages/page-2.js
FN:4,SecondPage
FNF:1
FNH:0
FNDA:0,SecondPage
DA:1,0
DA:2,0
DA:4,0
LF:3
LH:0
BRF:0
BRH:0
end_of_record
TN:
SF:/home/vox/Dropbox/dev/portfolio-v2/src/test/jest-config.js
FNF:0
FNH:0
DA:5,2
DA:7,2
DA:8,2
DA:9,2
DA:10,2
LF:5
LH:5
BRF:0
BRH:0
end_of_record
TN:
SF:/home/vox/Dropbox/dev/portfolio-v2/src/utils/typography.js
FNF:0
FNH:0
DA:1,0
DA:3,0
LF:2
LH:0
BRF:0
BRH:0
end_of_record
